[2025-04-03 17:59:44Z INFO HostContext] No proxy settings were found based on environmental variables (http_proxy/https_proxy/HTTP_PROXY/HTTPS_PROXY)
[2025-04-03 17:59:44Z INFO HostContext] Well known directory 'Bin': '/home/arokya/arokya-cicd/actions-runner/bin'
[2025-04-03 17:59:44Z INFO HostContext] Well known directory 'Root': '/home/arokya/arokya-cicd/actions-runner'
[2025-04-03 17:59:44Z INFO HostContext] Well known config file 'Credentials': '/home/arokya/arokya-cicd/actions-runner/.credentials'
[2025-04-03 17:59:44Z INFO HostContext] Well known directory 'Bin': '/home/arokya/arokya-cicd/actions-runner/bin'
[2025-04-03 17:59:44Z INFO HostContext] Well known directory 'Root': '/home/arokya/arokya-cicd/actions-runner'
[2025-04-03 17:59:44Z INFO HostContext] Well known config file 'Runner': '/home/arokya/arokya-cicd/actions-runner/.runner'
[2025-04-03 17:59:44Z INFO Listener] Runner is built for Linux (X64) - linux-x64.
[2025-04-03 17:59:44Z INFO Listener] RuntimeInformation: Red Hat Enterprise Linux 9.5 (Plow).
[2025-04-03 17:59:44Z INFO Listener] Version: 2.323.0
[2025-04-03 17:59:44Z INFO Listener] Commit: d8b82f44a9ec0258904d5869ae683c31d5aac299
[2025-04-03 17:59:44Z INFO Listener] Culture: en-IN
[2025-04-03 17:59:44Z INFO Listener] UI Culture: en-IN
[2025-04-03 17:59:44Z INFO HostContext] Well known directory 'Bin': '/home/arokya/arokya-cicd/actions-runner/bin'
[2025-04-03 17:59:44Z INFO HostContext] Well known directory 'Root': '/home/arokya/arokya-cicd/actions-runner'
[2025-04-03 17:59:44Z INFO Listener] Validating directory permissions for: '/home/arokya/arokya-cicd/actions-runner'
[2025-04-03 17:59:44Z INFO CommandLineParser] Parse
[2025-04-03 17:59:44Z INFO CommandLineParser] Parsing 1 args
[2025-04-03 17:59:44Z INFO CommandLineParser] parsing argument
[2025-04-03 17:59:44Z INFO CommandLineParser] HasArgs: False
[2025-04-03 17:59:44Z INFO CommandLineParser] Adding Command: run
[2025-04-03 17:59:44Z INFO Listener] Arguments parsed
[2025-04-03 17:59:44Z INFO Runner] ExecuteCommand
[2025-04-03 17:59:44Z INFO ConfigurationStore] currentAssemblyLocation: /home/arokya/arokya-cicd/actions-runner/bin/Runner.Listener.dll
[2025-04-03 17:59:44Z INFO HostContext] Well known directory 'Bin': '/home/arokya/arokya-cicd/actions-runner/bin'
[2025-04-03 17:59:44Z INFO ConfigurationStore] binPath: /home/arokya/arokya-cicd/actions-runner/bin
[2025-04-03 17:59:44Z INFO HostContext] Well known directory 'Bin': '/home/arokya/arokya-cicd/actions-runner/bin'
[2025-04-03 17:59:44Z INFO HostContext] Well known directory 'Root': '/home/arokya/arokya-cicd/actions-runner'
[2025-04-03 17:59:44Z INFO ConfigurationStore] RootFolder: /home/arokya/arokya-cicd/actions-runner
[2025-04-03 17:59:44Z INFO HostContext] Well known directory 'Bin': '/home/arokya/arokya-cicd/actions-runner/bin'
[2025-04-03 17:59:44Z INFO HostContext] Well known directory 'Root': '/home/arokya/arokya-cicd/actions-runner'
[2025-04-03 17:59:44Z INFO HostContext] Well known config file 'Runner': '/home/arokya/arokya-cicd/actions-runner/.runner'
[2025-04-03 17:59:44Z INFO ConfigurationStore] ConfigFilePath: /home/arokya/arokya-cicd/actions-runner/.runner
[2025-04-03 17:59:44Z INFO HostContext] Well known directory 'Bin': '/home/arokya/arokya-cicd/actions-runner/bin'
[2025-04-03 17:59:44Z INFO HostContext] Well known directory 'Root': '/home/arokya/arokya-cicd/actions-runner'
[2025-04-03 17:59:44Z INFO HostContext] Well known config file 'MigratedRunner': '/home/arokya/arokya-cicd/actions-runner/.runner_migrated'
[2025-04-03 17:59:44Z INFO ConfigurationStore] MigratedConfigFilePath: /home/arokya/arokya-cicd/actions-runner/.runner_migrated
[2025-04-03 17:59:44Z INFO HostContext] Well known directory 'Bin': '/home/arokya/arokya-cicd/actions-runner/bin'
[2025-04-03 17:59:44Z INFO HostContext] Well known directory 'Root': '/home/arokya/arokya-cicd/actions-runner'
[2025-04-03 17:59:44Z INFO HostContext] Well known config file 'Credentials': '/home/arokya/arokya-cicd/actions-runner/.credentials'
[2025-04-03 17:59:44Z INFO ConfigurationStore] CredFilePath: /home/arokya/arokya-cicd/actions-runner/.credentials
[2025-04-03 17:59:44Z INFO HostContext] Well known directory 'Bin': '/home/arokya/arokya-cicd/actions-runner/bin'
[2025-04-03 17:59:44Z INFO HostContext] Well known directory 'Root': '/home/arokya/arokya-cicd/actions-runner'
[2025-04-03 17:59:44Z INFO HostContext] Well known config file 'MigratedCredentials': '/home/arokya/arokya-cicd/actions-runner/.credentials_migrated'
[2025-04-03 17:59:44Z INFO ConfigurationStore] MigratedCredFilePath: /home/arokya/arokya-cicd/actions-runner/.credentials_migrated
[2025-04-03 17:59:44Z INFO HostContext] Well known directory 'Bin': '/home/arokya/arokya-cicd/actions-runner/bin'
[2025-04-03 17:59:44Z INFO HostContext] Well known directory 'Root': '/home/arokya/arokya-cicd/actions-runner'
[2025-04-03 17:59:44Z INFO HostContext] Well known config file 'Service': '/home/arokya/arokya-cicd/actions-runner/.service'
[2025-04-03 17:59:44Z INFO ConfigurationStore] ServiceConfigFilePath: /home/arokya/arokya-cicd/actions-runner/.service
[2025-04-03 17:59:44Z INFO CommandSettings] Flag 'help': 'False'
[2025-04-03 17:59:44Z INFO CommandSettings] Flag 'version': 'False'
[2025-04-03 17:59:44Z INFO CommandSettings] Flag 'commit': 'False'
[2025-04-03 17:59:44Z INFO CommandSettings] Flag 'check': 'False'
[2025-04-03 17:59:44Z INFO CommandSettings] Command 'configure': 'False'
[2025-04-03 17:59:44Z INFO CommandSettings] Command 'remove': 'False'
[2025-04-03 17:59:44Z INFO CommandSettings] Command 'warmup': 'False'
[2025-04-03 17:59:44Z INFO ConfigurationManager] LoadSettings
[2025-04-03 17:59:44Z INFO ConfigurationStore] IsConfigured()
[2025-04-03 17:59:44Z INFO ConfigurationStore] IsConfigured: True
[2025-04-03 17:59:44Z INFO ConfigurationManager] Is configured: True
[2025-04-03 17:59:44Z INFO ConfigurationStore] Read setting file: 296 chars
[2025-04-03 17:59:44Z INFO ConfigurationManager] Settings Loaded
[2025-04-03 17:59:44Z INFO ConfigurationStore] IsServiceConfigured()
[2025-04-03 17:59:44Z INFO ConfigurationStore] IsServiceConfigured: False
[2025-04-03 17:59:44Z INFO CommandSettings] Command 'run': 'True'
[2025-04-03 17:59:44Z INFO ConfigurationStore] IsConfigured()
[2025-04-03 17:59:44Z INFO ConfigurationStore] IsConfigured: True
[2025-04-03 17:59:44Z INFO ConfigurationManager] Is configured: True
[2025-04-03 17:59:44Z INFO Runner] Could not parse the argument value '' for StartupType. Defaulting to Manual
[2025-04-03 17:59:44Z INFO Runner] Set runner startup type - Manual
[2025-04-03 17:59:44Z INFO CommandSettings] Flag 'once': 'False'
[2025-04-03 17:59:44Z INFO CommandSettings] Flag 'once': 'False'
[2025-04-03 17:59:44Z INFO Runner] RunAsync
[2025-04-03 17:59:44Z INFO ConfigurationManager] LoadSettings
[2025-04-03 17:59:44Z INFO ConfigurationStore] IsConfigured()
[2025-04-03 17:59:44Z INFO ConfigurationStore] IsConfigured: True
[2025-04-03 17:59:44Z INFO ConfigurationManager] Is configured: True
[2025-04-03 17:59:44Z INFO ConfigurationManager] Settings Loaded
[2025-04-03 17:59:44Z INFO MessageListener] {
  "AgentId": 2,
  "AgentName": "linux",
  "PoolId": 1,
  "PoolName": "Default",
  "ServerUrl": "https://pipelinesghubeus4.actions.githubusercontent.com/cbESz9zEB7Mwgqgx1YDkxGQiIOSwZwQ1w72uoMobKNOg5KUidS/",
  "GitHubUrl": "https://github.com/arokyajp-1985/arokya-cicd",
  "WorkFolder": "_work"
}
[2025-04-03 17:59:44Z INFO MessageListener] Loading Credentials
[2025-04-03 17:59:44Z INFO ConfigurationStore] HasCredentials()
[2025-04-03 17:59:44Z INFO ConfigurationStore] stored True
[2025-04-03 17:59:44Z INFO CredentialManager] GetCredentialProvider
[2025-04-03 17:59:44Z INFO CredentialManager] Creating type OAuth
[2025-04-03 17:59:44Z INFO CredentialManager] Creating credential type: OAuth
[2025-04-03 17:59:44Z INFO HostContext] Well known directory 'Bin': '/home/arokya/arokya-cicd/actions-runner/bin'
[2025-04-03 17:59:44Z INFO HostContext] Well known directory 'Root': '/home/arokya/arokya-cicd/actions-runner'
[2025-04-03 17:59:44Z INFO HostContext] Well known config file 'RSACredentials': '/home/arokya/arokya-cicd/actions-runner/.credentials_rsaparams'
[2025-04-03 17:59:44Z INFO RSAFileKeyManager] Loading RSA key parameters from file /home/arokya/arokya-cicd/actions-runner/.credentials_rsaparams
[2025-04-03 17:59:44Z INFO MessageListener] Attempt to create session.
[2025-04-03 17:59:44Z INFO MessageListener] Connecting to the Runner Server...
[2025-04-03 17:59:44Z INFO RunnerServer] EstablishVssConnection
[2025-04-03 17:59:44Z INFO RunnerServer] Establish connection with 100 seconds timeout.
[2025-04-03 17:59:44Z INFO GitHubActionsService] Starting operation Location.GetConnectionData
[2025-04-03 17:59:45Z INFO RunnerServer] EstablishVssConnection
[2025-04-03 17:59:45Z INFO RunnerServer] Establish connection with 60 seconds timeout.
[2025-04-03 17:59:45Z INFO GitHubActionsService] Starting operation Location.GetConnectionData
[2025-04-03 17:59:45Z INFO RunnerServer] EstablishVssConnection
[2025-04-03 17:59:45Z INFO RunnerServer] Establish connection with 60 seconds timeout.
[2025-04-03 17:59:45Z INFO GitHubActionsService] Starting operation Location.GetConnectionData
[2025-04-03 17:59:46Z INFO GitHubActionsService] Finished operation Location.GetConnectionData
[2025-04-03 17:59:46Z INFO GitHubActionsService] Finished operation Location.GetConnectionData
[2025-04-03 17:59:46Z INFO GitHubActionsService] Finished operation Location.GetConnectionData
[2025-04-03 17:59:46Z INFO MessageListener] VssConnection created
[2025-04-03 17:59:46Z INFO Terminal] WRITE LINE: 
[2025-04-03 17:59:46Z INFO Terminal] WRITE LINE: 
[2025-04-03 17:59:46Z INFO RSAFileKeyManager] Loading RSA key parameters from file /home/arokya/arokya-cicd/actions-runner/.credentials_rsaparams
[2025-04-03 17:59:46Z INFO RSAFileKeyManager] Loading RSA key parameters from file /home/arokya/arokya-cicd/actions-runner/.credentials_rsaparams
[2025-04-03 17:59:49Z INFO GitHubActionsService] AAD Correlation ID for this token request: Unknown
[2025-04-03 17:59:49Z WARN GitHubActionsService] Retrieving an AAD auth token took a long time (2.4879165 seconds)
[2025-04-03 17:59:49Z INFO MessageListener] Session created.
[2025-04-03 17:59:49Z INFO Terminal] WRITE LINE: Current runner version: '2.323.0'
[2025-04-03 17:59:49Z INFO Terminal] WRITE LINE: 2025-04-03 17:59:49Z: Listening for Jobs
[2025-04-03 17:59:49Z INFO JobDispatcher] Set runner/worker IPC timeout to 30 seconds.
[2025-04-03 17:59:49Z INFO RSAFileKeyManager] Loading RSA key parameters from file /home/arokya/arokya-cicd/actions-runner/.credentials_rsaparams
[2025-04-03 17:59:50Z INFO GitHubActionsService] AAD Correlation ID for this token request: Unknown
